01/Jul/2022 09:37:34 AM NSMS Exception : Stack Trace : java.net.ConnectException: Connection refused: connect
	at java.base/sun.nio.ch.Net.connect0(Native Method)
	at java.base/sun.nio.ch.Net.connect(Net.java:579)
	at java.base/sun.nio.ch.Net.connect(Net.java:568)
	at java.base/sun.nio.ch.NioSocketImpl.connect(NioSocketImpl.java:585)
	at java.base/java.net.SocksSocketImpl.connect(SocksSocketImpl.java:327)
	at java.base/java.net.Socket.connect(Socket.java:633)
	at java.base/java.net.Socket.connect(Socket.java:583)
	at java.base/java.net.Socket.<init>(Socket.java:507)
	at java.base/java.net.Socket.<init>(Socket.java:287)
	at NSMS.CSMSRqstr.ConnectToSMS(CSMSRqstr.java:237)
	at NSMS.CSMSRqstr.Connect(CSMSRqstr.java:544)
	at ISPack.CPISIOInterface.ISConnectToSMS(CPISIOInterface.java:397)
	at ISPack.CPISRegisterTxn.RegisterConnection(CPISRegisterTxn.java:434)
	at ISPack.CImageServer.JPISRegisterConnection(CImageServer.java:696)
	at AddDocumentImage.main(AddDocumentImage.java:41)

01/Jul/2022 10:01:58 AM NSMS Exception : Stack Trace : java.net.ConnectException: Connection refused: connect
	at java.base/sun.nio.ch.Net.connect0(Native Method)
	at java.base/sun.nio.ch.Net.connect(Net.java:579)
	at java.base/sun.nio.ch.Net.connect(Net.java:568)
	at java.base/sun.nio.ch.NioSocketImpl.connect(NioSocketImpl.java:585)
	at java.base/java.net.SocksSocketImpl.connect(SocksSocketImpl.java:327)
	at java.base/java.net.Socket.connect(Socket.java:633)
	at java.base/java.net.Socket.connect(Socket.java:583)
	at java.base/java.net.Socket.<init>(Socket.java:507)
	at java.base/java.net.Socket.<init>(Socket.java:287)
	at NSMS.CSMSRqstr.ConnectToSMS(CSMSRqstr.java:237)
	at NSMS.CSMSRqstr.Connect(CSMSRqstr.java:544)
	at ISPack.CPISIOInterface.ISConnectToSMS(CPISIOInterface.java:397)
	at ISPack.CPISRegisterTxn.RegisterConnection(CPISRegisterTxn.java:434)
	at ISPack.CImageServer.JPISRegisterConnection(CImageServer.java:696)
	at AddDocumentImage.main(AddDocumentImage.java:41)

01/Jul/2022 10:06:50 AM NSMS Exception : Stack Trace : java.net.ConnectException: Connection refused: connect
	at java.base/sun.nio.ch.Net.connect0(Native Method)
	at java.base/sun.nio.ch.Net.connect(Net.java:579)
	at java.base/sun.nio.ch.Net.connect(Net.java:568)
	at java.base/sun.nio.ch.NioSocketImpl.connect(NioSocketImpl.java:585)
	at java.base/java.net.SocksSocketImpl.connect(SocksSocketImpl.java:327)
	at java.base/java.net.Socket.connect(Socket.java:633)
	at java.base/java.net.Socket.connect(Socket.java:583)
	at java.base/java.net.Socket.<init>(Socket.java:507)
	at java.base/java.net.Socket.<init>(Socket.java:287)
	at NSMS.CSMSRqstr.ConnectToSMS(CSMSRqstr.java:237)
	at NSMS.CSMSRqstr.Connect(CSMSRqstr.java:544)
	at ISPack.CPISIOInterface.ISConnectToSMS(CPISIOInterface.java:397)
	at ISPack.CPISRegisterTxn.RegisterConnection(CPISRegisterTxn.java:434)
	at ISPack.CImageServer.JPISRegisterConnection(CImageServer.java:696)
	at AddDocumentImage.main(AddDocumentImage.java:41)

01/Jul/2022 11:48:10 AM NSMS Exception : Stack Trace : java.net.ConnectException: Connection refused: connect
	at java.base/sun.nio.ch.Net.connect0(Native Method)
	at java.base/sun.nio.ch.Net.connect(Net.java:579)
	at java.base/sun.nio.ch.Net.connect(Net.java:568)
	at java.base/sun.nio.ch.NioSocketImpl.connect(NioSocketImpl.java:585)
	at java.base/java.net.SocksSocketImpl.connect(SocksSocketImpl.java:327)
	at java.base/java.net.Socket.connect(Socket.java:633)
	at java.base/java.net.Socket.connect(Socket.java:583)
	at java.base/java.net.Socket.<init>(Socket.java:507)
	at java.base/java.net.Socket.<init>(Socket.java:287)
	at NSMS.CSMSRqstr.ConnectToSMS(CSMSRqstr.java:237)
	at NSMS.CSMSRqstr.Connect(CSMSRqstr.java:544)
	at ISPack.CPISIOInterface.ISConnectToRemoteSMS_MT(CPISIOInterface.java:5898)
	at ISPack.CPISIOInterface.ISAddDoc_MT(CPISIOInterface.java:7196)
	at ISPack.CPISDocumentTxn.AddDocument1_MT(CPISDocumentTxn.java:2549)
	at ISPack.CPISDocumentTxn.AddDocument_MT(CPISDocumentTxn.java:1838)
	at JPISndex.main(JPISndex.java:80)

01/Jul/2022 11:59:09 AM NSMS Exception : Stack Trace : java.net.ConnectException: Connection refused: connect
	at java.base/sun.nio.ch.Net.connect0(Native Method)
	at java.base/sun.nio.ch.Net.connect(Net.java:579)
	at java.base/sun.nio.ch.Net.connect(Net.java:568)
	at java.base/sun.nio.ch.NioSocketImpl.connect(NioSocketImpl.java:585)
	at java.base/java.net.SocksSocketImpl.connect(SocksSocketImpl.java:327)
	at java.base/java.net.Socket.connect(Socket.java:633)
	at java.base/java.net.Socket.connect(Socket.java:583)
	at java.base/java.net.Socket.<init>(Socket.java:507)
	at java.base/java.net.Socket.<init>(Socket.java:287)
	at NSMS.CSMSRqstr.ConnectToSMS(CSMSRqstr.java:237)
	at NSMS.CSMSRqstr.Connect(CSMSRqstr.java:544)
	at ISPack.CPISIOInterface.ISConnectToRemoteSMS_MT(CPISIOInterface.java:5898)
	at ISPack.CPISIOInterface.ISAddDoc_MT(CPISIOInterface.java:7196)
	at ISPack.CPISDocumentTxn.AddDocument1_MT(CPISDocumentTxn.java:2549)
	at ISPack.CPISDocumentTxn.AddDocument_MT(CPISDocumentTxn.java:1838)
	at JPISndex.main(JPISndex.java:80)

01/Jul/2022 16:18:35 PM NSMS Exception : Stack Trace : java.net.ConnectException: Connection refused: connect
	at java.base/sun.nio.ch.Net.connect0(Native Method)
	at java.base/sun.nio.ch.Net.connect(Net.java:579)
	at java.base/sun.nio.ch.Net.connect(Net.java:568)
	at java.base/sun.nio.ch.NioSocketImpl.connect(NioSocketImpl.java:585)
	at java.base/java.net.SocksSocketImpl.connect(SocksSocketImpl.java:327)
	at java.base/java.net.Socket.connect(Socket.java:633)
	at java.base/java.net.Socket.connect(Socket.java:583)
	at java.base/java.net.Socket.<init>(Socket.java:507)
	at java.base/java.net.Socket.<init>(Socket.java:287)
	at NSMS.CSMSRqstr.ConnectToSMS(CSMSRqstr.java:237)
	at NSMS.CSMSRqstr.Connect(CSMSRqstr.java:544)
	at ISPack.CPISIOInterface.ISConnectToSMS(CPISIOInterface.java:397)
	at ISPack.CPISRegisterTxn.RegisterConnection(CPISRegisterTxn.java:434)
	at ISPack.CImageServer.JPISRegisterConnection(CImageServer.java:696)
	at AddDocumentImage.main(AddDocumentImage.java:41)

01/Jul/2022 17:06:00 PM NSMS Exception : Stack Trace : java.net.ConnectException: Connection refused: connect
	at java.base/sun.nio.ch.Net.connect0(Native Method)
	at java.base/sun.nio.ch.Net.connect(Net.java:579)
	at java.base/sun.nio.ch.Net.connect(Net.java:568)
	at java.base/sun.nio.ch.NioSocketImpl.connect(NioSocketImpl.java:585)
	at java.base/java.net.SocksSocketImpl.connect(SocksSocketImpl.java:327)
	at java.base/java.net.Socket.connect(Socket.java:633)
	at java.base/java.net.Socket.connect(Socket.java:583)
	at java.base/java.net.Socket.<init>(Socket.java:507)
	at java.base/java.net.Socket.<init>(Socket.java:287)
	at NSMS.CSMSRqstr.ConnectToSMS(CSMSRqstr.java:237)
	at NSMS.CSMSRqstr.Connect(CSMSRqstr.java:544)
	at ISPack.CPISIOInterface.ISConnectToSMS(CPISIOInterface.java:397)
	at ISPack.CPISRegisterTxn.RegisterConnection(CPISRegisterTxn.java:434)
	at ISPack.CImageServer.JPISRegisterConnection(CImageServer.java:696)
	at AddDocumentImage.main(AddDocumentImage.java:41)

01/Jul/2022 17:06:41 PM NSMS Exception : Stack Trace : java.net.ConnectException: Connection refused: connect
	at java.base/sun.nio.ch.Net.connect0(Native Method)
	at java.base/sun.nio.ch.Net.connect(Net.java:579)
	at java.base/sun.nio.ch.Net.connect(Net.java:568)
	at java.base/sun.nio.ch.NioSocketImpl.connect(NioSocketImpl.java:585)
	at java.base/java.net.SocksSocketImpl.connect(SocksSocketImpl.java:327)
	at java.base/java.net.Socket.connect(Socket.java:633)
	at java.base/java.net.Socket.connect(Socket.java:583)
	at java.base/java.net.Socket.<init>(Socket.java:507)
	at java.base/java.net.Socket.<init>(Socket.java:287)
	at NSMS.CSMSRqstr.ConnectToSMS(CSMSRqstr.java:237)
	at NSMS.CSMSRqstr.Connect(CSMSRqstr.java:544)
	at ISPack.CPISIOInterface.ISConnectToSMS(CPISIOInterface.java:397)
	at ISPack.CPISRegisterTxn.RegisterConnection(CPISRegisterTxn.java:434)
	at ISPack.CImageServer.JPISRegisterConnection(CImageServer.java:696)
	at AddDocumentImage.main(AddDocumentImage.java:41)

01/Jul/2022 17:14:56 PM NSMS Exception : Stack Trace : java.net.ConnectException: Connection refused: connect
	at java.base/sun.nio.ch.Net.connect0(Native Method)
	at java.base/sun.nio.ch.Net.connect(Net.java:579)
	at java.base/sun.nio.ch.Net.connect(Net.java:568)
	at java.base/sun.nio.ch.NioSocketImpl.connect(NioSocketImpl.java:585)
	at java.base/java.net.SocksSocketImpl.connect(SocksSocketImpl.java:327)
	at java.base/java.net.Socket.connect(Socket.java:633)
	at java.base/java.net.Socket.connect(Socket.java:583)
	at java.base/java.net.Socket.<init>(Socket.java:507)
	at java.base/java.net.Socket.<init>(Socket.java:287)
	at NSMS.CSMSRqstr.ConnectToSMS(CSMSRqstr.java:237)
	at NSMS.CSMSRqstr.Connect(CSMSRqstr.java:544)
	at ISPack.CPISIOInterface.ISConnectToSMS(CPISIOInterface.java:397)
	at ISPack.CPISRegisterTxn.RegisterConnection(CPISRegisterTxn.java:434)
	at ISPack.CImageServer.JPISRegisterConnection(CImageServer.java:696)
	at AddDocumentImage.main(AddDocumentImage.java:41)

01/Jul/2022 17:16:44 PM NSMS Exception : Stack Trace : java.net.ConnectException: Connection refused: connect
	at java.base/sun.nio.ch.Net.connect0(Native Method)
	at java.base/sun.nio.ch.Net.connect(Net.java:579)
	at java.base/sun.nio.ch.Net.connect(Net.java:568)
	at java.base/sun.nio.ch.NioSocketImpl.connect(NioSocketImpl.java:585)
	at java.base/java.net.SocksSocketImpl.connect(SocksSocketImpl.java:327)
	at java.base/java.net.Socket.connect(Socket.java:633)
	at java.base/java.net.Socket.connect(Socket.java:583)
	at java.base/java.net.Socket.<init>(Socket.java:507)
	at java.base/java.net.Socket.<init>(Socket.java:287)
	at NSMS.CSMSRqstr.ConnectToSMS(CSMSRqstr.java:237)
	at NSMS.CSMSRqstr.Connect(CSMSRqstr.java:544)
	at ISPack.CPISIOInterface.ISConnectToSMS(CPISIOInterface.java:397)
	at ISPack.CPISRegisterTxn.RegisterConnection(CPISRegisterTxn.java:434)
	at ISPack.CImageServer.JPISRegisterConnection(CImageServer.java:696)
	at AddDocumentImage.main(AddDocumentImage.java:41)

01/Jul/2022 17:24:44 PM NSMS Exception : Stack Trace : java.net.ConnectException: Connection refused: connect
	at java.base/sun.nio.ch.Net.connect0(Native Method)
	at java.base/sun.nio.ch.Net.connect(Net.java:579)
	at java.base/sun.nio.ch.Net.connect(Net.java:568)
	at java.base/sun.nio.ch.NioSocketImpl.connect(NioSocketImpl.java:585)
	at java.base/java.net.SocksSocketImpl.connect(SocksSocketImpl.java:327)
	at java.base/java.net.Socket.connect(Socket.java:633)
	at java.base/java.net.Socket.connect(Socket.java:583)
	at java.base/java.net.Socket.<init>(Socket.java:507)
	at java.base/java.net.Socket.<init>(Socket.java:287)
	at NSMS.CSMSRqstr.ConnectToSMS(CSMSRqstr.java:237)
	at NSMS.CSMSRqstr.Connect(CSMSRqstr.java:544)
	at ISPack.CPISIOInterface.ISConnectToSMS(CPISIOInterface.java:397)
	at ISPack.CPISRegisterTxn.RegisterConnection(CPISRegisterTxn.java:434)
	at ISPack.CImageServer.JPISRegisterConnection(CImageServer.java:696)
	at AddDocumentImage.main(AddDocumentImage.java:41)

01/Jul/2022 17:26:03 PM NSMS Exception : Stack Trace : java.net.ConnectException: Connection refused: connect
	at java.base/sun.nio.ch.Net.connect0(Native Method)
	at java.base/sun.nio.ch.Net.connect(Net.java:579)
	at java.base/sun.nio.ch.Net.connect(Net.java:568)
	at java.base/sun.nio.ch.NioSocketImpl.connect(NioSocketImpl.java:585)
	at java.base/java.net.SocksSocketImpl.connect(SocksSocketImpl.java:327)
	at java.base/java.net.Socket.connect(Socket.java:633)
	at java.base/java.net.Socket.connect(Socket.java:583)
	at java.base/java.net.Socket.<init>(Socket.java:507)
	at java.base/java.net.Socket.<init>(Socket.java:287)
	at NSMS.CSMSRqstr.ConnectToSMS(CSMSRqstr.java:237)
	at NSMS.CSMSRqstr.Connect(CSMSRqstr.java:544)
	at ISPack.CPISIOInterface.ISConnectToSMS(CPISIOInterface.java:397)
	at ISPack.CPISRegisterTxn.RegisterConnection(CPISRegisterTxn.java:434)
	at ISPack.CImageServer.JPISRegisterConnection(CImageServer.java:696)
	at AddDocumentImage.main(AddDocumentImage.java:41)

